# JRE version: OpenJDK Runtime Environment (9.0+11) (build 9.0.4+11)
# Java VM: OpenJDK 64-Bit Server VM (9.0.4+11, mixed mode, tiered, compressed oops, g1 gc, linux-amd64)
Heap:
 garbage-first heap   total 162816K, used 39192K [0x00000000c3800000, 0x00000000c39004f8, 0x0000000100000000)
  region size 1024K, 1 young (1024K), 1 survivors (1024K)
 Metaspace       used 17934K, capacity 19238K, committed 19456K, reserved 1067008K
  class space    used 1719K, capacity 1969K, committed 2048K, reserved 1048576K
GC Heap History (10 events):
Event: 2183.608 GC heap after
{Heap after GC invocations=5751 (full 0):
 garbage-first heap   total 92160K, used 39176K [0x00000000c3800000, 0x00000000c39002d0, 0x0000000100000000)
  region size 1024K, 1 young (1024K), 1 survivors (1024K)
 Metaspace       used 17934K, capacity 19238K, committed 19456K, reserved 1067008K
  class space    used 1719K, capacity 1969K, committed 2048K, reserved 1048576K
}
Event: 2183.998 GC heap before
{Heap before GC invocations=5751 (full 0):
 garbage-first heap   total 92160K, used 80136K [0x00000000c3800000, 0x00000000c39002d0, 0x0000000100000000)
  region size 1024K, 41 young (41984K), 1 survivors (1024K)
 Metaspace       used 17934K, capacity 19238K, committed 19456K, reserved 1067008K
  class space    used 1719K, capacity 1969K, committed 2048K, reserved 1048576K
}
Event: 2184.002 GC heap after
{Heap after GC invocations=5752 (full 0):
 garbage-first heap   total 92160K, used 39163K [0x00000000c3800000, 0x00000000c39002d0, 0x0000000100000000)
  region size 1024K, 1 young (1024K), 1 survivors (1024K)
 Metaspace       used 17934K, capacity 19238K, committed 19456K, reserved 1067008K
  class space    used 1719K, capacity 1969K, committed 2048K, reserved 1048576K
}
Event: 2184.515 GC heap before
{Heap before GC invocations=5752 (full 0):
 garbage-first heap   total 92160K, used 80123K [0x00000000c3800000, 0x00000000c39002d0, 0x0000000100000000)
  region size 1024K, 41 young (41984K), 1 survivors (1024K)
 Metaspace       used 17934K, capacity 19238K, committed 19456K, reserved 1067008K
  class space    used 1719K, capacity 1969K, committed 2048K, reserved 1048576K
}
Event: 2184.548 GC heap after
{Heap after GC invocations=5753 (full 0):
 garbage-first heap   total 92160K, used 39182K [0x00000000c3800000, 0x00000000c39002d0, 0x0000000100000000)
  region size 1024K, 1 young (1024K), 1 survivors (1024K)
 Metaspace       used 17934K, capacity 19238K, committed 19456K, reserved 1067008K
  class space    used 1719K, capacity 1969K, committed 2048K, reserved 1048576K
}
Event: 2184.936 GC heap before
{Heap before GC invocations=5753 (full 0):
 garbage-first heap   total 92160K, used 80142K [0x00000000c3800000, 0x00000000c39002d0, 0x0000000100000000)
  region size 1024K, 41 young (41984K), 1 survivors (1024K)
 Metaspace       used 17934K, capacity 19238K, committed 19456K, reserved 1067008K
  class space    used 1719K, capacity 1969K, committed 2048K, reserved 1048576K
}
Event: 2184.938 GC heap after
{Heap after GC invocations=5754 (full 0):
 garbage-first heap   total 92160K, used 39182K [0x00000000c3800000, 0x00000000c39002d0, 0x0000000100000000)
  region size 1024K, 1 young (1024K), 1 survivors (1024K)
 Metaspace       used 17934K, capacity 19238K, committed 19456K, reserved 1067008K
  class space    used 1719K, capacity 1969K, committed 2048K, reserved 1048576K
}
Event: 2185.550 GC heap before
{Heap before GC invocations=5754 (full 0):
 garbage-first heap   total 92160K, used 80142K [0x00000000c3800000, 0x00000000c39002d0, 0x0000000100000000)
  region size 1024K, 41 young (41984K), 1 survivors (1024K)
 Metaspace       used 17934K, capacity 19238K, committed 19456K, reserved 1067008K
  class space    used 1719K, capacity 1969K, committed 2048K, reserved 1048576K
}
Event: 2185.637 GC heap after
{Heap after GC invocations=5755 (full 0):
 garbage-first heap   total 92160K, used 39195K [0x00000000c3800000, 0x00000000c39002d0, 0x0000000100000000)
  region size 1024K, 1 young (1024K), 1 survivors (1024K)
 Metaspace       used 17934K, capacity 19238K, committed 19456K, reserved 1067008K
  class space    used 1719K, capacity 1969K, committed 2048K, reserved 1048576K
}
Event: 2186.153 GC heap before
{Heap before GC invocations=5755 (full 0):
 garbage-first heap   total 92160K, used 80155K [0x00000000c3800000, 0x00000000c39002d0, 0x0000000100000000)
  region size 1024K, 41 young (41984K), 1 survivors (1024K)
 Metaspace       used 17934K, capacity 19238K, committed 19456K, reserved 1067008K
  class space    used 1719K, capacity 1969K, committed 2048K, reserved 1048576K
}

