# JRE version: OpenJDK Runtime Environment (9.0+11) (build 9.0.4+11)
# Java VM: OpenJDK 64-Bit Server VM (9.0.4+11, mixed mode, tiered, compressed oops, g1 gc, linux-amd64)
Heap:
 garbage-first heap   total 188416K, used 13000K [0x00000000c3800000, 0x00000000c39005c0, 0x0000000100000000)
  region size 1024K, 1 young (1024K), 1 survivors (1024K)
 Metaspace       used 17099K, capacity 18362K, committed 18688K, reserved 1067008K
  class space    used 1667K, capacity 1935K, committed 2048K, reserved 1048576K
GC Heap History (10 events):
Event: 220.364 GC heap after
{Heap after GC invocations=405 (full 0):
 garbage-first heap   total 94208K, used 12998K [0x00000000c3800000, 0x00000000c39002e0, 0x0000000100000000)
  region size 1024K, 1 young (1024K), 1 survivors (1024K)
 Metaspace       used 17099K, capacity 18362K, committed 18688K, reserved 1067008K
  class space    used 1667K, capacity 1935K, committed 2048K, reserved 1048576K
}
Event: 221.241 GC heap before
{Heap before GC invocations=405 (full 0):
 garbage-first heap   total 94208K, used 68294K [0x00000000c3800000, 0x00000000c39002e0, 0x0000000100000000)
  region size 1024K, 55 young (56320K), 1 survivors (1024K)
 Metaspace       used 17099K, capacity 18362K, committed 18688K, reserved 1067008K
  class space    used 1667K, capacity 1935K, committed 2048K, reserved 1048576K
}
Event: 221.336 GC heap after
{Heap after GC invocations=406 (full 0):
 garbage-first heap   total 94208K, used 12997K [0x00000000c3800000, 0x00000000c39002e0, 0x0000000100000000)
  region size 1024K, 1 young (1024K), 1 survivors (1024K)
 Metaspace       used 17099K, capacity 18362K, committed 18688K, reserved 1067008K
  class space    used 1667K, capacity 1935K, committed 2048K, reserved 1048576K
}
Event: 222.401 GC heap before
{Heap before GC invocations=406 (full 0):
 garbage-first heap   total 94208K, used 68293K [0x00000000c3800000, 0x00000000c39002e0, 0x0000000100000000)
  region size 1024K, 55 young (56320K), 1 survivors (1024K)
 Metaspace       used 17099K, capacity 18362K, committed 18688K, reserved 1067008K
  class space    used 1667K, capacity 1935K, committed 2048K, reserved 1048576K
}
Event: 222.512 GC heap after
{Heap after GC invocations=407 (full 0):
 garbage-first heap   total 94208K, used 13001K [0x00000000c3800000, 0x00000000c39002e0, 0x0000000100000000)
  region size 1024K, 1 young (1024K), 1 survivors (1024K)
 Metaspace       used 17099K, capacity 18362K, committed 18688K, reserved 1067008K
  class space    used 1667K, capacity 1935K, committed 2048K, reserved 1048576K
}
Event: 223.419 GC heap before
{Heap before GC invocations=407 (full 0):
 garbage-first heap   total 94208K, used 68297K [0x00000000c3800000, 0x00000000c39002e0, 0x0000000100000000)
  region size 1024K, 55 young (56320K), 1 survivors (1024K)
 Metaspace       used 17099K, capacity 18362K, committed 18688K, reserved 1067008K
  class space    used 1667K, capacity 1935K, committed 2048K, reserved 1048576K
}
Event: 223.547 GC heap after
{Heap after GC invocations=408 (full 0):
 garbage-first heap   total 94208K, used 12997K [0x00000000c3800000, 0x00000000c39002e0, 0x0000000100000000)
  region size 1024K, 1 young (1024K), 1 survivors (1024K)
 Metaspace       used 17099K, capacity 18362K, committed 18688K, reserved 1067008K
  class space    used 1667K, capacity 1935K, committed 2048K, reserved 1048576K
}
Event: 224.348 GC heap before
{Heap before GC invocations=408 (full 0):
 garbage-first heap   total 94208K, used 68293K [0x00000000c3800000, 0x00000000c39002e0, 0x0000000100000000)
  region size 1024K, 55 young (56320K), 1 survivors (1024K)
 Metaspace       used 17099K, capacity 18362K, committed 18688K, reserved 1067008K
  class space    used 1667K, capacity 1935K, committed 2048K, reserved 1048576K
}
Event: 224.478 GC heap after
{Heap after GC invocations=409 (full 0):
 garbage-first heap   total 94208K, used 12999K [0x00000000c3800000, 0x00000000c39002e0, 0x0000000100000000)
  region size 1024K, 1 young (1024K), 1 survivors (1024K)
 Metaspace       used 17099K, capacity 18362K, committed 18688K, reserved 1067008K
  class space    used 1667K, capacity 1935K, committed 2048K, reserved 1048576K
}
Event: 225.228 GC heap before
{Heap before GC invocations=409 (full 0):
 garbage-first heap   total 94208K, used 68295K [0x00000000c3800000, 0x00000000c39002e0, 0x0000000100000000)
  region size 1024K, 55 young (56320K), 1 survivors (1024K)
 Metaspace       used 17099K, capacity 18362K, committed 18688K, reserved 1067008K
  class space    used 1667K, capacity 1935K, committed 2048K, reserved 1048576K
}

